make --dry-run --keep-going --print-directory
make: Entering directory '/home/fedi/Desktop/PeachOS'
 
cd ./programs/stdlib && make all
 
make[1]: Entering directory '/home/fedi/Desktop/PeachOS/programs/stdlib'
 
nasm -f elf ./src/start.asm -o ./build/start.asm.o
 
i686-elf-gcc -I./src -g -ffreestanding  -falign-jumps -falign-functions -falign-labels -falign-loops -fstrength-reduce -fomit-frame-pointer -finline-functions -Wno-unused-function -fno-builtin -Werror -Wunused-label -Wno-cpp -Wno-unused-parameter -nostdlib -nostartfiles -nodefaultlibs -Wall -O0 -Iinc -std=gnu99 -c ./src/start.c -o ./build/start.o
 
i686-elf-ld -m elf_i386 -relocatable ./build/start.asm.o ./build/start.o ./build/peachos.asm.o ./build/peachos.o ./build/stdlib.o ./build/stdio.o ./build/string.o ./build/memory.o -o ./stdlib.elf
 
make[1]: Leaving directory '/home/fedi/Desktop/PeachOS/programs/stdlib'
 
cd ./programs/blank && make all
 
make[1]: Entering directory '/home/fedi/Desktop/PeachOS/programs/blank'
 
i686-elf-gcc -I../stdlib/src -I./ -g -ffreestanding -falign-jumps -falign-functions -falign-labels -falign-loops -fstrength-reduce -fomit-frame-pointer -finline-functions -Wno-unused-function -fno-builtin -Werror -Wunused-label -Wno-cpp -Wno-unused-parameter -nostdlib -nostartfiles -nodefaultlibs -Wall -O0 -Iinc -std=gnu99 -c ./blank.c -o ./build/blank.o
 
i686-elf-gcc -g -T ./linker.ld -o ./blank.elf -ffreestanding -O0 -nostdlib -fpic -g ./build/blank.o ../stdlib/stdlib.elf
 
make[1]: Leaving directory '/home/fedi/Desktop/PeachOS/programs/blank'
 
cd ./programs/shell && make all
 
make[1]: Entering directory '/home/fedi/Desktop/PeachOS/programs/shell'
 
i686-elf-gcc -g -T ./linker.ld -o ./shell.elf -ffreestanding -O0 -nostdlib -fpic -g ./build/shell.o ../stdlib/stdlib.elf
 
make[1]: Leaving directory '/home/fedi/Desktop/PeachOS/programs/shell'
 
rm -rf ./bin/os.bin
dd if=./bin/boot.bin >> ./bin/os.bin
dd if=./bin/kernel.bin >> ./bin/os.bin
dd if=/dev/zero bs=1048576 count=16 >> ./bin/os.bin
sudo mount -t vfat ./bin/os.bin /mnt/d
# Copy a file over
sudo cp ./hello.txt /mnt/d
sudo cp ./programs/blank/blank.elf /mnt/d
sudo cp ./programs/shell/shell.elf /mnt/d
sudo umount /mnt/d
make: Leaving directory '/home/fedi/Desktop/PeachOS'
 
